
                            < M A T L A B (R) >
                  Copyright 1984-2021 The MathWorks, Inc.
                  R2021b (9.11.0.1769968) 64-bit (glnxa64)
                             September 17, 2021

 
To get started, type doc.
For product information, visit www.mathworks.com.
 
 - - Building mass matrix
- - 5 %
- - 10 %
- - 15 %
- - 20 %
- - 25 %
- - 30 %
- - 35 %
- - 40 %
- - 45 %
- - 50 %
- - 55 %
- - 60 %
- - 65 %
- - 70 %
- - 75 %
- - 80 %
- - 85 %
- - 90 %
- - 95 %
- - 100 %
Building FEM matrices for DG basis functions
- - 3 %
- - 5 %
- - 8 %
- - 10 %
- - 13 %
- - 15 %
- - 18 %
- - 20 %
- - 23 %
- - 25 %
- - 28 %
- - 30 %
- - 33 %
- - 35 %
- - 38 %
- - 40 %
- - 43 %
- - 45 %
- - 48 %
- - 50 %
- - 53 %
- - 55 %
- - 58 %
- - 60 %
- - 63 %
- - 66 %
- - 68 %
- - 71 %
- - 73 %
- - 76 %
- - 78 %
- - 81 %
- - 83 %
- - 86 %
- - 88 %
- - 91 %
- - 93 %
- - 96 %
- - 98 %
- Building rhs
- - 5 %
- - 10 %
- - 15 %
- - 20 %
- - 25 %
- - 30 %
- - 35 %
- - 40 %
- - 45 %
- - 50 %
- - 55 %
- - 60 %
- - 65 %
- - 70 %
- - 75 %
- - 80 %
- - 85 %
- - 90 %
- - 95 %
- - 100 %
- Building rhs
- - 5 %
- - 10 %
- - 15 %
- - 20 %
- - 25 %
- - 30 %
- - 35 %
- - 40 %
- - 45 %
- - 50 %
- - 55 %
- - 60 %
- - 65 %
- - 70 %
- - 75 %
- - 80 %
- - 85 %
- - 90 %
- - 95 %
- - 100 %
 - - Iteration --1-- done.
 - - Iteration --2-- done.
 - - Truncation reached
- - 5 %
- - 10 %
- - 15 %
- - 20 %
- - 25 %
- - 30 %
- - 35 %
- - 40 %
- - 45 %
- - 50 %
- - 55 %
- - 60 %
- - 65 %
- - 70 %
- - 75 %
- - 80 %
- - 85 %
- - 90 %
- - 95 %
- - 100 %
- - Assembling A, B and C - - 5 %
- - Assembling A, B and C - - 10 %
- - Assembling A, B and C - - 15 %
- - Assembling A, B and C - - 20 %
- - Assembling A, B and C - - 25 %
- - Assembling A, B and C - - 30 %
- - Assembling A, B and C - - 35 %
- - Assembling A, B and C - - 40 %
- - Assembling A, B and C - - 45 %
- - Assembling A, B and C - - 50 %
- - Assembling A, B and C - - 55 %
- - Assembling A, B and C - - 60 %
- - Assembling A, B and C - - 65 %
- - Assembling A, B and C - - 70 %
- - Assembling A, B and C - - 75 %
- - Assembling A, B and C - - 80 %
- - Assembling A, B and C - - 85 %
- - Assembling A, B and C - - 90 %
- - Assembling A, B and C - - 95 %
- - Assembling A, B and C - - 100 %
0 points outside mesh
0.01_0.0175_level_0.02_13.mat
Approximation error loaded
