
                            < M A T L A B (R) >
                  Copyright 1984-2021 The MathWorks, Inc.
                  R2021b (9.11.0.1769968) 64-bit (glnxa64)
                             September 17, 2021

 
To get started, type doc.
For product information, visit www.mathworks.com.
 

                            < M A T L A B (R) >
                  Copyright 1984-2021 The MathWorks, Inc.
                  R2021b (9.11.0.1769968) 64-bit (glnxa64)
                             September 17, 2021

 
To get started, type doc.
For product information, visit www.mathworks.com.
 

                            < M A T L A B (R) >
                  Copyright 1984-2021 The MathWorks, Inc.
                  R2021b (9.11.0.1769968) 64-bit (glnxa64)
                             September 17, 2021

 
To get started, type doc.
For product information, visit www.mathworks.com.
 

                            < M A T L A B (R) >
                  Copyright 1984-2021 The MathWorks, Inc.
                  R2021b (9.11.0.1769968) 64-bit (glnxa64)
                             September 17, 2021

 
To get started, type doc.
For product information, visit www.mathworks.com.
 
- - 5 %
- - 10 %
- - 15 %
- - 20 %
- - 25 %
- - 30 %
- - 35 %
- - 40 %
- - 45 %
- - 50 %
- - 55 %
- - 60 %
- - 65 %
- - 70 %
- - 75 %
- - 80 %
- - 85 %
- - 90 %
- - 95 %
- - 100 %
- Building rhs
- - 5 %
- - 10 %
- - 15 %
- - 20 %
- - 25 %
- - 30 %
- - 35 %
- - 40 %
- - 45 %
- - 50 %
- - 55 %
- - 60 %
- - 65 %
- - 70 %
- - 75 %
- - 80 %
- - 85 %
- - 90 %
- - 95 %
- - 100 %
0 points outside mesh
0 points outside mesh
- - 5 %
- - 10 %
- - 15 %
- - 20 %
- - 25 %
- - 30 %
- - 35 %
- - 40 %
- - 45 %
- - 50 %
- - 55 %
- - 60 %
- - 65 %
- - 70 %
- - 75 %
- - 80 %
- - 85 %
- - 90 %
- - 95 %
- - 100 %
 - - 1/69
 - - 2/69
 - - 3/69
 - - 4/69
 - - 5/69
 - - 6/69
 - - 7/69
 - - 8/69
 - - 9/69
 - - 10/69
 - - 11/69
 - - 12/69
 - - 13/69
 - - 14/69
 - - 15/69
 - - 16/69
 - - 17/69
 - - 18/69
 - - 19/69
 - - 20/69
 - - 21/69
 - - 22/69
 - - 23/69
 - - 24/69
 - - 25/69
 - - 26/69
 - - 27/69
 - - 28/69
 - - 29/69
 - - 30/69
 - - 31/69
 - - 32/69
 - - 33/69
 - - 34/69
 - - 35/69
 - - 36/69
 - - 37/69
 - - 38/69
 - - 39/69
 - - 40/69
 - - 41/69
 - - 42/69
 - - 43/69
 - - 44/69
 - - 45/69
 - - 46/69
 - - 47/69
 - - 48/69
 - - 49/69
 - - 50/69
 - - 51/69
 - - 52/69
 - - 53/69
 - - 54/69
 - - 55/69
 - - 56/69
 - - 57/69
 - - 58/69
 - - 59/69
 - - 60/69
 - - 61/69
 - - 62/69
 - - 63/69
 - - 64/69
 - - 65/69
 - - 66/69
 - - 67/69
 - - 68/69
 - - 69/69

                            < M A T L A B (R) >
                  Copyright 1984-2021 The MathWorks, Inc.
                  R2021b (9.11.0.1769968) 64-bit (glnxa64)
                             September 17, 2021

 
To get started, type doc.
For product information, visit www.mathworks.com.
 
- - 5 %
- - 10 %
- - 15 %
- - 20 %
- - 25 %
- - 30 %
- - 35 %
- - 40 %
- - 45 %
- - 50 %
- - 55 %
- - 60 %
- - 65 %
- - 70 %
- - 75 %
- - 80 %
- - 85 %
- - 90 %
- - 95 %
- - 100 %
- Building rhs
- - 5 %
- - 10 %
- - 15 %
- - 20 %
- - 25 %
- - 30 %
- - 35 %
- - 40 %
- - 45 %
- - 50 %
- - 55 %
- - 60 %
- - 65 %
- - 70 %
- - 75 %
- - 80 %
- - 85 %
- - 90 %
- - 95 %
- - 100 %
0 points outside mesh
0 points outside mesh
- - 5 %
- - 10 %
- - 15 %
- - 20 %
- - 25 %
- - 30 %
- - 35 %
- - 40 %
- - 45 %
- - 50 %
- - 55 %
- - 60 %
- - 65 %
- - 70 %
- - 75 %
- - 80 %
- - 85 %
- - 90 %
- - 95 %
- - 100 %
 - - 1/69
 - - 2/69
 - - 3/69
 - - 4/69
 - - 5/69
 - - 6/69
 - - 7/69
 - - 8/69
 - - 9/69
 - - 10/69
 - - 11/69
 - - 12/69
 - - 13/69
 - - 14/69
 - - 15/69
 - - 16/69
 - - 17/69
 - - 18/69
 - - 19/69
 - - 20/69
 - - 21/69
 - - 22/69
 - - 23/69
 - - 24/69
 - - 25/69
 - - 26/69
 - - 27/69
 - - 28/69
 - - 29/69
 - - 30/69
 - - 31/69
 - - 32/69
 - - 33/69
 - - 34/69
 - - 35/69
 - - 36/69
 - - 37/69
 - - 38/69
 - - 39/69
 - - 40/69
 - - 41/69
 - - 42/69
 - - 43/69
 - - 44/69
 - - 45/69
 - - 46/69
 - - 47/69
 - - 48/69
 - - 49/69
 - - 50/69
 - - 51/69
 - - 52/69
 - - 53/69
 - - 54/69
 - - 55/69
 - - 56/69
 - - 57/69
 - - 58/69
 - - 59/69
 - - 60/69
 - - 61/69
 - - 62/69
 - - 63/69
 - - 64/69
 - - 65/69
 - - 66/69
 - - 67/69
 - - 68/69
 - - 69/69

                            < M A T L A B (R) >
                  Copyright 1984-2021 The MathWorks, Inc.
                  R2021b (9.11.0.1769968) 64-bit (glnxa64)
                             September 17, 2021

 
To get started, type doc.
For product information, visit www.mathworks.com.
 
- - 5 %
- - 10 %
- - 15 %
- - 20 %
- - 25 %
- - 30 %
- - 35 %
- - 40 %
- - 45 %
