
                            < M A T L A B (R) >
                  Copyright 1984-2021 The MathWorks, Inc.
                  R2021b (9.11.0.1769968) 64-bit (glnxa64)
                             September 17, 2021

 
To get started, type doc.
For product information, visit www.mathworks.com.
 
- - 5 %
- - 10 %
- - 15 %
- - 20 %
- - 25 %
- - 30 %
- - 35 %
- - 40 %
- - 45 %
- - 50 %
- - 55 %
- - 60 %
- - 65 %
- - 70 %
- - 75 %
- - 80 %
- - 85 %
- - 90 %
- - 95 %
- - 100 %
- Building rhs
- - 5 %
- - 10 %
- - 15 %
- - 20 %
- - 25 %
- - 30 %
- - 35 %
- - 40 %
- - 45 %
- - 50 %
- - 55 %
- - 60 %
- - 65 %
- - 70 %
- - 75 %
- - 80 %
- - 85 %
- - 90 %
- - 95 %
- - 100 %
- - 1500/1500000
- - Rejections: 0
- - Accepted: 100.0%
- - 3000/1500000
- - Rejections: 0
- - Accepted: 100.0%
- - 4500/1500000
- - Rejections: 35
- - Accepted: 97.7%
- - 6000/1500000
- - Rejections: 67
- - Accepted: 97.9%
- - 7500/1500000
- - Rejections: 67
- - Accepted: 100.0%
- - 9000/1500000
- - Rejections: 68
- - Accepted: 99.9%
- - 10500/1500000
- - Rejections: 118
- - Accepted: 96.7%
- - 12000/1500000
- - Rejections: 140
- - Accepted: 98.5%
- - 13500/1500000
- - Rejections: 239
- - Accepted: 93.4%
- - 15000/1500000
- - Rejections: 361
- - Accepted: 91.9%
- - jump_size updated to 0.019659
- - 16500/1500000
- - Rejections: 452
- - Accepted: 93.9%
- - 18000/1500000
- - Rejections: 1585
- - Accepted: 24.5%
- - 19500/1500000
- - Rejections: 2977
- - Accepted: 7.2%
- - 21000/1500000
- - Rejections: 4414
- - Accepted: 4.2%
- - 22500/1500000
- - Rejections: 5885
- - Accepted: 1.9%
- - 24000/1500000
- - Rejections: 7361
- - Accepted: 1.6%
- - 25500/1500000
- - Rejections: 8829
- - Accepted: 2.1%
- - 27000/1500000
- - Rejections: 10306
- - Accepted: 1.5%
- - 28500/1500000
- - Rejections: 11780
- - Accepted: 1.7%
- - 30000/1500000
- - Rejections: 13266
- - Accepted: 0.9%
- - jump_size updated to 0.017552
- - 31500/1500000
- - Rejections: 14750
- - Accepted: 1.1%
- - 33000/1500000
- - Rejections: 16237
- - Accepted: 0.9%
- - 34500/1500000
- - Rejections: 17723
- - Accepted: 0.9%
- - 36000/1500000
- - Rejections: 19200
- - Accepted: 1.5%
- - 37500/1500000
- - Rejections: 20681
- - Accepted: 1.3%
- - 39000/1500000
- - Rejections: 22170
- - Accepted: 0.7%
- - 40500/1500000
- - Rejections: 23665
- - Accepted: 0.3%
- - 42000/1500000
- - Rejections: 25161
- - Accepted: 0.3%
- - 43500/1500000
- - Rejections: 26655
- - Accepted: 0.4%
- - 45000/1500000
- - Rejections: 28140
- - Accepted: 1.0%
- - jump_size updated to 0.014832
- - 46500/1500000
- - Rejections: 29603
- - Accepted: 2.5%
- - 48000/1500000
- - Rejections: 31089
- - Accepted: 0.9%
- - 49500/1500000
- - Rejections: 32568
- - Accepted: 1.4%
- - 51000/1500000
- - Rejections: 34038
- - Accepted: 2.0%
- - 52500/1500000
- - Rejections: 35521
- - Accepted: 1.1%
- - 54000/1500000
- - Rejections: 37002
- - Accepted: 1.3%
- - 55500/1500000
- - Rejections: 38480
- - Accepted: 1.5%
- - 57000/1500000
- - Rejections: 39948
- - Accepted: 2.1%
- - 58500/1500000
- - Rejections: 41426
- - Accepted: 1.5%
- - 60000/1500000
- - Rejections: 42912
- - Accepted: 0.9%
- - jump_size updated to 0.012863
- - 61500/1500000
- - Rejections: 44390
- - Accepted: 1.5%
- - 63000/1500000
- - Rejections: 45852
- - Accepted: 2.5%
- - 64500/1500000
- - Rejections: 47322
- - Accepted: 2.0%
- - 66000/1500000
- - Rejections: 48773
- - Accepted: 3.3%
- - 67500/1500000
- - Rejections: 50249
- - Accepted: 1.6%
- - 69000/1500000
- - Rejections: 51698
- - Accepted: 3.4%
- - 70500/1500000
- - Rejections: 53165
- - Accepted: 2.2%
- - 72000/1500000
- - Rejections: 54630
- - Accepted: 2.3%
- - 73500/1500000
- - Rejections: 56110
- - Accepted: 1.3%
- - 75000/1500000
- - Rejections: 57588
- - Accepted: 1.5%
- - jump_size updated to 0.011358
- - 76500/1500000
- - Rejections: 59042
- - Accepted: 3.1%
- - 78000/1500000
- - Rejections: 60500
- - Accepted: 2.8%
- - 79500/1500000
- - Rejections: 61947
- - Accepted: 3.5%
- - 81000/1500000
- - Rejections: 63422
- - Accepted: 1.7%
- - 82500/1500000
- - Rejections: 64898
- - Accepted: 1.6%
- - 84000/1500000
- - Rejections: 66372
- - Accepted: 1.7%
- - 85500/1500000
- - Rejections: 67841
- - Accepted: 2.1%
- - 87000/1500000
- - Rejections: 69323
- - Accepted: 1.2%
- - 88500/1500000
- - Rejections: 70803
- - Accepted: 1.3%
- - 90000/1500000
- - Rejections: 72287
- - Accepted: 1.1%
- - jump_size updated to 0.010131
- - 91500/1500000
- - Rejections: 73739
- - Accepted: 3.2%
- - 93000/1500000
- - Rejections: 75196
- - Accepted: 2.9%
- - 94500/1500000
- - Rejections: 76649
- - Accepted: 3.1%
- - 96000/1500000
- - Rejections: 78117
- - Accepted: 2.1%
- - 97500/1500000
- - Rejections: 79587
- - Accepted: 2.0%
- - 99000/1500000
- - Rejections: 81045
- - Accepted: 2.8%
- - 100500/1500000
- - Rejections: 82506
- - Accepted: 2.6%
- - 102000/1500000
- - Rejections: 83995
- - Accepted: 0.7%
- - 103500/1500000
- - Rejections: 85458
- - Accepted: 2.5%
- - 105000/1500000
- - Rejections: 86932
- - Accepted: 1.7%
- - jump_size updated to 0.0091262
- - 106500/1500000
- - Rejections: 88378
- - Accepted: 3.6%
- - 108000/1500000
- - Rejections: 89830
- - Accepted: 3.2%
- - 109500/1500000
- - Rejections: 91276
- - Accepted: 3.6%
- - 111000/1500000
- - Rejections: 92720
- - Accepted: 3.7%
- - 112500/1500000
- - Rejections: 94157
- - Accepted: 4.2%
- - 114000/1500000
- - Rejections: 95602
- - Accepted: 3.7%
- - 115500/1500000
- - Rejections: 97050
- - Accepted: 3.5%
- - 117000/1500000
- - Rejections: 98505
- - Accepted: 3.0%
- - 118500/1500000
- - Rejections: 99953
- - Accepted: 3.5%
- - 120000/1500000
- - Rejections: 101383
- - Accepted: 4.7%
- - jump_size updated to 0.0083147
- - 121500/1500000
- - Rejections: 102816
- - Accepted: 4.5%
- - 123000/1500000
- - Rejections: 104237
- - Accepted: 5.3%
- - 124500/1500000
- - Rejections: 105665
- - Accepted: 4.8%
- - 126000/1500000
- - Rejections: 107104
- - Accepted: 4.1%
- - 127500/1500000
- - Rejections: 108521
- - Accepted: 5.5%
- - 129000/1500000
- - Rejections: 109959
- - Accepted: 4.1%
- - 130500/1500000
- - Rejections: 111381
- - Accepted: 5.2%
- - 132000/1500000
- - Rejections: 112808
- - Accepted: 4.9%
- - 133500/1500000
- - Rejections: 114241
- - Accepted: 4.5%
- - 135000/1500000
- - Rejections: 115675
- - Accepted: 4.4%
- - jump_size updated to 0.0076427
- - 136500/1500000
- - Rejections: 117070
- - Accepted: 7.0%
- - 138000/1500000
- - Rejections: 118483
- - Accepted: 5.8%
- - 139500/1500000
- - Rejections: 119914
- - Accepted: 4.6%
- - 141000/1500000
- - Rejections: 121337
- - Accepted: 5.1%
- - 142500/1500000
- - Rejections: 122752
- - Accepted: 5.7%
- - 144000/1500000
- - Rejections: 124145
- - Accepted: 7.1%
- - 145500/1500000
- - Rejections: 125559
- - Accepted: 5.7%
- - 147000/1500000
- - Rejections: 127003
- - Accepted: 3.7%
- - 148500/1500000
- - Rejections: 128431
- - Accepted: 4.8%
- - 150000/1500000
- - Rejections: 129804
- - Accepted: 8.5%
- - jump_size updated to 0.0070798
- - 151500/1500000
- - Rejections: 131194
- - Accepted: 7.3%
- - 153000/1500000
- - Rejections: 132608
- - Accepted: 5.7%
- - 154500/1500000
- - Rejections: 134025
- - Accepted: 5.5%
- - 156000/1500000
- - Rejections: 135433
- - Accepted: 6.1%
- - 157500/1500000
- - Rejections: 136841
- - Accepted: 6.1%
- - 159000/1500000
- - Rejections: 138229
- - Accepted: 7.5%
- - 160500/1500000
- - Rejections: 139626
- - Accepted: 6.9%
- - 162000/1500000
- - Rejections: 141033
- - Accepted: 6.2%
- - 163500/1500000
- - Rejections: 142453
- - Accepted: 5.3%
- - 165000/1500000
- - Rejections: 143844
- - Accepted: 7.3%
- - jump_size updated to 0.0065937
- - 166500/1500000
- - Rejections: 145225
- - Accepted: 7.9%
- - 168000/1500000
- - Rejections: 146626
- - Accepted: 6.6%
- - 169500/1500000
- - Rejections: 148035
- - Accepted: 6.1%
- - 171000/1500000
- - Rejections: 149402
- - Accepted: 8.9%
- - 172500/1500000
- - Rejections: 150774
- - Accepted: 8.5%
- - 174000/1500000
- - Rejections: 152135
- - Accepted: 9.3%
- - 175500/1500000
- - Rejections: 153506
- - Accepted: 8.6%
- - 177000/1500000
- - Rejections: 154894
- - Accepted: 7.5%
- - 178500/1500000
- - Rejections: 156286
- - Accepted: 7.2%
- - 180000/1500000
- - Rejections: 157637
- - Accepted: 9.9%
- - jump_size updated to 0.0061888
- - 181500/1500000
- - Rejections: 158991
- - Accepted: 9.7%
- - 183000/1500000
- - Rejections: 160344
- - Accepted: 9.8%
- - 184500/1500000
- - Rejections: 161703
- - Accepted: 9.4%
- - 186000/1500000
- - Rejections: 163077
- - Accepted: 8.4%
- - 187500/1500000
- - Rejections: 164451
- - Accepted: 8.4%
- - 189000/1500000
- - Rejections: 165822
- - Accepted: 8.6%
- - 190500/1500000
- - Rejections: 167162
- - Accepted: 10.7%
- - 192000/1500000
- - Rejections: 168508
- - Accepted: 10.3%
- - 193500/1500000
- - Rejections: 169861
- - Accepted: 9.8%
- - 195000/1500000
- - Rejections: 171237
- - Accepted: 8.3%
- - jump_size updated to 0.005844
- - 196500/1500000
- - Rejections: 172564
- - Accepted: 11.5%
- - 198000/1500000
- - Rejections: 173916
- - Accepted: 9.9%
- - 199500/1500000
- - Rejections: 175218
- - Accepted: 13.2%
- - 201000/1500000
- - Rejections: 176552
- - Accepted: 11.1%
- - 202500/1500000
- - Rejections: 177860
- - Accepted: 12.8%
- - 204000/1500000
- - Rejections: 179179
- - Accepted: 12.1%
- - 205500/1500000
- - Rejections: 180488
- - Accepted: 12.7%
- - 207000/1500000
- - Rejections: 181825
- - Accepted: 10.9%
- - 208500/1500000
- - Rejections: 183150
- - Accepted: 11.7%
- - 210000/1500000
- - Rejections: 184509
- - Accepted: 9.4%
- - jump_size updated to 0.0055624
- - 211500/1500000
- - Rejections: 185832
- - Accepted: 11.8%
- - 213000/1500000
- - Rejections: 187170
- - Accepted: 10.8%
- - 214500/1500000
- - Rejections: 188511
- - Accepted: 10.6%
- - 216000/1500000
- - Rejections: 189840
- - Accepted: 11.4%
- - 217500/1500000
- - Rejections: 191104
- - Accepted: 15.7%
- - 219000/1500000
- - Rejections: 192429
- - Accepted: 11.7%
- - 220500/1500000
- - Rejections: 193768
- - Accepted: 10.7%
- - 222000/1500000
- - Rejections: 195119
- - Accepted: 9.9%
- - 223500/1500000
- - Rejections: 196469
- - Accepted: 10.0%
- - 225000/1500000
- - Rejections: 197838
- - Accepted: 8.7%
- - jump_size updated to 0.005298
- - 226500/1500000
- - Rejections: 199175
- - Accepted: 10.9%
- - 228000/1500000
- - Rejections: 200524
- - Accepted: 10.1%
- - 229500/1500000
- - Rejections: 201870
- - Accepted: 10.3%
- - 231000/1500000
- - Rejections: 203194
- - Accepted: 11.7%
- - 232500/1500000
- - Rejections: 204515
- - Accepted: 11.9%
- - 234000/1500000
- - Rejections: 205849
- - Accepted: 11.1%
- - 235500/1500000
- - Rejections: 207205
- - Accepted: 9.6%
- - 237000/1500000
- - Rejections: 208443
- - Accepted: 17.5%
- - 238500/1500000
- - Rejections: 209768
- - Accepted: 11.7%
- - 240000/1500000
- - Rejections: 211159
- - Accepted: 7.3%
- - jump_size updated to 0.0050546
- - 241500/1500000
- - Rejections: 212539
- - Accepted: 8.0%
- - 243000/1500000
- - Rejections: 213962
- - Accepted: 5.1%
- - 244500/1500000
- - Rejections: 215338
- - Accepted: 8.3%
- - 246000/1500000
- - Rejections: 216745
- - Accepted: 6.2%
- - 247500/1500000
- - Rejections: 218143
- - Accepted: 6.8%
- - 249000/1500000
- - Rejections: 219539
- - Accepted: 6.9%
- - 250500/1500000
- - Rejections: 220908
- - Accepted: 8.7%
- - 252000/1500000
- - Rejections: 222281
- - Accepted: 8.5%
- - 253500/1500000
- - Rejections: 223689
- - Accepted: 6.1%
- - 255000/1500000
- - Rejections: 225138
- - Accepted: 3.4%
- - jump_size updated to 0.0047782
- - 256500/1500000
- - Rejections: 226584
- - Accepted: 3.6%
- - 258000/1500000
- - Rejections: 228004
- - Accepted: 5.3%
- - 259500/1500000
- - Rejections: 229456
- - Accepted: 3.2%
- - 261000/1500000
- - Rejections: 230907
- - Accepted: 3.3%
- - 262500/1500000
- - Rejections: 232344
- - Accepted: 4.2%
- - 264000/1500000
- - Rejections: 233777
- - Accepted: 4.5%
- - 265500/1500000
- - Rejections: 235211
- - Accepted: 4.4%
- - 267000/1500000
- - Rejections: 236653
- - Accepted: 3.9%
- - 268500/1500000
- - Rejections: 238109
- - Accepted: 2.9%
- - 270000/1500000
- - Rejections: 239549
- - Accepted: 4.0%
- - jump_size updated to 0.0044933
- - 271500/1500000
- - Rejections: 240999
- - Accepted: 3.3%
- - 273000/1500000
- - Rejections: 242440
- - Accepted: 3.9%
- - 274500/1500000
- - Rejections: 243892
- - Accepted: 3.2%
- - 276000/1500000
- - Rejections: 245327
- - Accepted: 4.3%
- - 277500/1500000
- - Rejections: 246798
- - Accepted: 1.9%
- - 279000/1500000
- - Rejections: 248231
- - Accepted: 4.5%
- - 280500/1500000
- - Rejections: 249682
- - Accepted: 3.3%
- - 282000/1500000
- - Rejections: 251129
- - Accepted: 3.5%
- - 283500/1500000
- - Rejections: 252573
- - Accepted: 3.7%
- - 285000/1500000
- - Rejections: 254004
- - Accepted: 4.6%
- - jump_size updated to 0.0042296
- - 286500/1500000
- - Rejections: 255440
- - Accepted: 4.3%
- - 288000/1500000
- - Rejections: 256855
- - Accepted: 5.7%
- - 289500/1500000
- - Rejections: 258299
- - Accepted: 3.7%
- - 291000/1500000
- - Rejections: 259724
- - Accepted: 5.0%
- - 292500/1500000
- - Rejections: 261141
- - Accepted: 5.5%
- - 294000/1500000
- - Rejections: 262574
- - Accepted: 4.5%
- - 295500/1500000
- - Rejections: 263987
- - Accepted: 5.8%
- - 297000/1500000
- - Rejections: 265423
- - Accepted: 4.3%
- - 298500/1500000
- - Rejections: 266848
- - Accepted: 5.0%
- - 300000/1500000
- - Rejections: 268272
- - Accepted: 5.1%
- - jump_size updated to 0.0039986
- - 301500/1500000
- - Rejections: 269661
- - Accepted: 7.4%
- - 303000/1500000
- - Rejections: 271051
- - Accepted: 7.3%
- - 304500/1500000
- - Rejections: 272470
- - Accepted: 5.4%
- - 306000/1500000
- - Rejections: 273915
- - Accepted: 3.7%
- - 307500/1500000
- - Rejections: 275339
- - Accepted: 5.1%
- - 309000/1500000
- - Rejections: 276757
- - Accepted: 5.5%
- - 310500/1500000
- - Rejections: 278202
- - Accepted: 3.7%
- - 312000/1500000
- - Rejections: 279619
- - Accepted: 5.5%
- - 313500/1500000
- - Rejections: 281054
- - Accepted: 4.3%
- - 315000/1500000
- - Rejections: 282463
- - Accepted: 6.1%
- - jump_size updated to 0.0037895
- - 316500/1500000
- - Rejections: 283872
- - Accepted: 6.1%
- - 318000/1500000
- - Rejections: 285303
- - Accepted: 4.6%
- - 319500/1500000
- - Rejections: 286717
- - Accepted: 5.7%
- - 321000/1500000
- - Rejections: 288112
- - Accepted: 7.0%
- - 322500/1500000
- - Rejections: 289512
- - Accepted: 6.7%
- - 324000/1500000
- - Rejections: 290916
- - Accepted: 6.4%
- - 325500/1500000
- - Rejections: 292294
- - Accepted: 8.1%
- - 327000/1500000
- - Rejections: 293691
- - Accepted: 6.9%
- - 328500/1500000
- - Rejections: 295078
- - Accepted: 7.5%
- - 330000/1500000
- - Rejections: 296482
- - Accepted: 6.4%
- - jump_size updated to 0.0036046
- - 331500/1500000
- - Rejections: 297892
- - Accepted: 6.0%
- - 333000/1500000
- - Rejections: 299291
- - Accepted: 6.7%
- - 334500/1500000
- - Rejections: 300687
- - Accepted: 6.9%
- - 336000/1500000
- - Rejections: 302080
- - Accepted: 7.1%
- - 337500/1500000
- - Rejections: 303479
- - Accepted: 6.7%
- - 339000/1500000
- - Rejections: 304859
- - Accepted: 8.0%
- - 340500/1500000
- - Rejections: 306251
- - Accepted: 7.2%
- - 342000/1500000
- - Rejections: 307632
- - Accepted: 7.9%
- - 343500/1500000
- - Rejections: 309026
- - Accepted: 7.1%
- - 345000/1500000
- - Rejections: 310453
- - Accepted: 4.9%
- - jump_size updated to 0.0034349
- - 346500/1500000
- - Rejections: 311812
- - Accepted: 9.4%
- - 348000/1500000
- - Rejections: 313197
- - Accepted: 7.7%
- - 349500/1500000
- - Rejections: 314586
- - Accepted: 7.4%
- - 351000/1500000
- - Rejections: 315942
- - Accepted: 9.6%
- - 352500/1500000
- - Rejections: 317323
- - Accepted: 7.9%
- - 354000/1500000
- - Rejections: 318690
- - Accepted: 8.9%
- - 355500/1500000
- - Rejections: 320056
- - Accepted: 8.9%
- - 357000/1500000
- - Rejections: 321424
- - Accepted: 8.8%
- - 358500/1500000
- - Rejections: 322791
- - Accepted: 8.9%
- - 360000/1500000
- - Rejections: 324178
- - Accepted: 7.5%
- - jump_size updated to 0.0032874
- - 361500/1500000
- - Rejections: 325557
- - Accepted: 8.1%
- - 363000/1500000
- - Rejections: 326890
- - Accepted: 11.1%
- - 364500/1500000
- - Rejections: 328238
- - Accepted: 10.1%
- - 366000/1500000
- - Rejections: 329586
- - Accepted: 10.1%
- - 367500/1500000
- - Rejections: 330947
- - Accepted: 9.3%
- - 369000/1500000
- - Rejections: 332325
- - Accepted: 8.1%
- - 370500/1500000
- - Rejections: 333686
- - Accepted: 9.3%
- - 372000/1500000
- - Rejections: 335074
- - Accepted: 7.5%
- - 373500/1500000
- - Rejections: 336427
- - Accepted: 9.8%
- - 375000/1500000
- - Rejections: 337788
- - Accepted: 9.3%
- - jump_size updated to 0.0031539
- - 376500/1500000
- - Rejections: 339154
- - Accepted: 8.9%
- - 378000/1500000
- - Rejections: 340464
- - Accepted: 12.7%
- - 379500/1500000
- - Rejections: 341786
- - Accepted: 11.9%
- - 381000/1500000
- - Rejections: 343128
- - Accepted: 10.5%
- - 382500/1500000
- - Rejections: 344492
- - Accepted: 9.1%
- - 384000/1500000
- - Rejections: 345834
- - Accepted: 10.5%
- - 385500/1500000
- - Rejections: 347152
- - Accepted: 12.1%
- - 387000/1500000
- - Rejections: 348498
- - Accepted: 10.3%
- - 388500/1500000
- - Rejections: 349841
- - Accepted: 10.5%
- - 390000/1500000
- - Rejections: 351202
- - Accepted: 9.3%
- - jump_size updated to 0.003036
- - 391500/1500000
- - Rejections: 352487
- - Accepted: 14.3%
- - 393000/1500000
- - Rejections: 353810
- - Accepted: 11.8%
- - 394500/1500000
- - Rejections: 355110
- - Accepted: 13.3%
- - 396000/1500000
- - Rejections: 356453
- - Accepted: 10.5%
- - 397500/1500000
- - Rejections: 357812
- - Accepted: 9.4%
- - 399000/1500000
- - Rejections: 359147
- - Accepted: 11.0%
- - 400500/1500000
- - Rejections: 360422
- - Accepted: 15.0%
- - 402000/1500000
- - Rejections: 361744
- - Accepted: 11.9%
- - 403500/1500000
- - Rejections: 363028
- - Accepted: 14.4%
- - 405000/1500000
- - Rejections: 364369
- - Accepted: 10.6%
- - jump_size updated to 0.0029339
- - 406500/1500000
- - Rejections: 365667
- - Accepted: 13.5%
- - 408000/1500000
- - Rejections: 366957
- - Accepted: 14.0%
- - 409500/1500000
- - Rejections: 368284
- - Accepted: 11.5%
- - 411000/1500000
- - Rejections: 369607
- - Accepted: 11.8%
- - 412500/1500000
- - Rejections: 370908
- - Accepted: 13.3%
- - 414000/1500000
- - Rejections: 372205
- - Accepted: 13.5%
- - 415500/1500000
- - Rejections: 373529
- - Accepted: 11.7%
- - 417000/1500000
- - Rejections: 374831
- - Accepted: 13.2%
- - 418500/1500000
- - Rejections: 376133
- - Accepted: 13.2%
- - 420000/1500000
- - Rejections: 377452
- - Accepted: 12.1%
- - jump_size updated to 0.0028399
- - 421500/1500000
- - Rejections: 378755
- - Accepted: 13.1%
- - 423000/1500000
- - Rejections: 380071
- - Accepted: 12.3%
- - 424500/1500000
- - Rejections: 381316
- - Accepted: 17.0%
- - 426000/1500000
- - Rejections: 382616
- - Accepted: 13.3%
- - 427500/1500000
- - Rejections: 383897
- - Accepted: 14.6%
- - 429000/1500000
- - Rejections: 385203
- - Accepted: 12.9%
- - 430500/1500000
- - Rejections: 386519
- - Accepted: 12.3%
- - 432000/1500000
- - Rejections: 387800
- - Accepted: 14.6%
- - 433500/1500000
- - Rejections: 389083
- - Accepted: 14.5%
- - 435000/1500000
- - Rejections: 390364
- - Accepted: 14.6%
- - jump_size updated to 0.0027564
- - 436500/1500000
- - Rejections: 391650
- - Accepted: 14.3%
- - 438000/1500000
- - Rejections: 392928
- - Accepted: 14.8%
- - 439500/1500000
- - Rejections: 394202
- - Accepted: 15.1%
- - 441000/1500000
- - Rejections: 395469
- - Accepted: 15.5%
- - 442500/1500000
- - Rejections: 396752
- - Accepted: 14.5%
- - 444000/1500000
- - Rejections: 398018
- - Accepted: 15.6%
- - 445500/1500000
- - Rejections: 399282
- - Accepted: 15.7%
- - 447000/1500000
- - Rejections: 400563
- - Accepted: 14.6%
- - 448500/1500000
- - Rejections: 401854
- - Accepted: 13.9%
- - 450000/1500000
- - Rejections: 403166
- - Accepted: 12.5%
- - jump_size updated to 0.0026802
- - 451500/1500000
- - Rejections: 404413
- - Accepted: 16.9%
- - 453000/1500000
- - Rejections: 405635
- - Accepted: 18.5%
- - 454500/1500000
- - Rejections: 406888
- - Accepted: 16.5%
- - 456000/1500000
- - Rejections: 408116
- - Accepted: 18.1%
- - 457500/1500000
- - Rejections: 409344
- - Accepted: 18.1%
- - 459000/1500000
- - Rejections: 410581
- - Accepted: 17.5%
- - 460500/1500000
- - Rejections: 411804
- - Accepted: 18.5%
- - 462000/1500000
- - Rejections: 413055
- - Accepted: 16.6%
- - 463500/1500000
- - Rejections: 414303
- - Accepted: 16.8%
- - 465000/1500000
- - Rejections: 415572
- - Accepted: 15.4%
- - jump_size updated to 0.0026198
- - 466500/1500000
- - Rejections: 416786
- - Accepted: 19.1%
- - 468000/1500000
- - Rejections: 418021
- - Accepted: 17.7%
- - 469500/1500000
- - Rejections: 419289
- - Accepted: 15.5%
- - 471000/1500000
- - Rejections: 420531
- - Accepted: 17.2%
- - 472500/1500000
- - Rejections: 421760
- - Accepted: 18.1%
- - 474000/1500000
- - Rejections: 423007
- - Accepted: 16.9%
- - 475500/1500000
- - Rejections: 424251
- - Accepted: 17.1%
- - 477000/1500000
- - Rejections: 425463
- - Accepted: 19.2%
- - 478500/1500000
- - Rejections: 426710
- - Accepted: 16.9%
- - 480000/1500000
- - Rejections: 427945
- - Accepted: 17.7%
- - jump_size updated to 0.0025626
- - 481500/1500000
- - Rejections: 429189
- - Accepted: 17.1%
- - 483000/1500000
- - Rejections: 430384
- - Accepted: 20.3%
- - 484500/1500000
- - Rejections: 431614
- - Accepted: 18.0%
- - 486000/1500000
- - Rejections: 432824
- - Accepted: 19.3%
- - 487500/1500000
- - Rejections: 434063
- - Accepted: 17.4%
- - 489000/1500000
- - Rejections: 435320
- - Accepted: 16.2%
- - 490500/1500000
- - Rejections: 436572
- - Accepted: 16.5%
- - 492000/1500000
- - Rejections: 437770
- - Accepted: 20.1%
- - 493500/1500000
- - Rejections: 439011
- - Accepted: 17.3%
- - 495000/1500000
- - Rejections: 440213
- - Accepted: 19.9%
- - jump_size updated to 0.0025105
- - 496500/1500000
- - Rejections: 441443
- - Accepted: 18.0%
- - 498000/1500000
- - Rejections: 442650
- - Accepted: 19.5%
- - 499500/1500000
- - Rejections: 443870
- - Accepted: 18.7%
- - 501000/1500000
- - Rejections: 445119
- - Accepted: 16.7%
- - 502500/1500000
- - Rejections: 446305
- - Accepted: 20.9%
- - 504000/1500000
- - Rejections: 447510
- - Accepted: 19.7%
- - 505500/1500000
- - Rejections: 448718
- - Accepted: 19.5%
- - 507000/1500000
- - Rejections: 449931
- - Accepted: 19.1%
- - 508500/1500000
- - Rejections: 451147
- - Accepted: 18.9%
- - 510000/1500000
- - Rejections: 452339
- - Accepted: 20.5%
- - jump_size updated to 0.0024643
- - 511500/1500000
- - Rejections: 453509
- - Accepted: 22.0%
- - 513000/1500000
- - Rejections: 454721
- - Accepted: 19.2%
- - 514500/1500000
- - Rejections: 455955
- - Accepted: 17.7%
- - 516000/1500000
- - Rejections: 457164
- - Accepted: 19.4%
- - 517500/1500000
- - Rejections: 458370
- - Accepted: 19.6%
- - 519000/1500000
- - Rejections: 459553
- - Accepted: 21.1%
- - 520500/1500000
- - Rejections: 460760
- - Accepted: 19.5%
- - 522000/1500000
- - Rejections: 461979
- - Accepted: 18.7%
- - 523500/1500000
- - Rejections: 463229
- - Accepted: 16.7%
- - 525000/1500000
- - Rejections: 464441
- - Accepted: 19.2%
- - jump_size updated to 0.0024202
- - 526500/1500000
- - Rejections: 465612
- - Accepted: 21.9%
- - 528000/1500000
- - Rejections: 466797
- - Accepted: 21.0%
- - 529500/1500000
- - Rejections: 468020
- - Accepted: 18.5%
- - 531000/1500000
- - Rejections: 469225
- - Accepted: 19.7%
- - 532500/1500000
- - Rejections: 470433
- - Accepted: 19.5%
- - 534000/1500000
- - Rejections: 471614
- - Accepted: 21.3%
- - 535500/1500000
- - Rejections: 472823
- - Accepted: 19.4%
- - 537000/1500000
- - Rejections: 474011
- - Accepted: 20.8%
- - 538500/1500000
- - Rejections: 475241
- - Accepted: 18.0%
- - 540000/1500000
- - Rejections: 476459
- - Accepted: 18.8%
- - jump_size updated to 0.0023797
- - 541500/1500000
- - Rejections: 477663
- - Accepted: 19.7%
- - 543000/1500000
- - Rejections: 478848
- - Accepted: 21.0%
- - 544500/1500000
- - Rejections: 480070
- - Accepted: 18.5%
- - 546000/1500000
- - Rejections: 481289
- - Accepted: 18.7%
- - 547500/1500000
- - Rejections: 482479
- - Accepted: 20.7%
- - 549000/1500000
- - Rejections: 483689
- - Accepted: 19.3%
- - 550500/1500000
- - Rejections: 484876
- - Accepted: 20.9%
- - 552000/1500000
- - Rejections: 486103
- - Accepted: 18.2%
- - 553500/1500000
- - Rejections: 487289
- - Accepted: 20.9%
- - 555000/1500000
- - Rejections: 488477
- - Accepted: 20.8%
- - jump_size updated to 0.0023405
- - 556500/1500000
- - Rejections: 489645
- - Accepted: 22.1%
- - 558000/1500000
- - Rejections: 490808
- - Accepted: 22.5%
- - 559500/1500000
- - Rejections: 492003
- - Accepted: 20.3%
- - 561000/1500000
- - Rejections: 493166
- - Accepted: 22.5%
- - 562500/1500000
- - Rejections: 494346
- - Accepted: 21.3%
- - 564000/1500000
- - Rejections: 495515
- - Accepted: 22.1%
- - 565500/1500000
- - Rejections: 496659
- - Accepted: 23.7%
- - 567000/1500000
- - Rejections: 497855
- - Accepted: 20.3%
- - 568500/1500000
- - Rejections: 499038
- - Accepted: 21.1%
- - 570000/1500000
- - Rejections: 500191
- - Accepted: 23.1%
- - jump_size updated to 0.0023099
- - 571500/1500000
- - Rejections: 501413
- - Accepted: 18.5%
- - 573000/1500000
- - Rejections: 502565
- - Accepted: 23.2%
- - 574500/1500000
- - Rejections: 503726
- - Accepted: 22.6%
- - 576000/1500000
- - Rejections: 504878
- - Accepted: 23.2%
- - 577500/1500000
- - Rejections: 506044
- - Accepted: 22.3%
- - 579000/1500000
- - Rejections: 507223
- - Accepted: 21.4%
- - 580500/1500000
- - Rejections: 508369
- - Accepted: 23.6%
- - 582000/1500000
- - Rejections: 509532
- - Accepted: 22.5%
- - 583500/1500000
- - Rejections: 510675
- - Accepted: 23.8%
- - 585000/1500000
- - Rejections: 511824
- - Accepted: 23.4%
- - jump_size updated to 0.0022822
- - 586500/1500000
- - Rejections: 512973
- - Accepted: 23.4%
- - 588000/1500000
- - Rejections: 514131
- - Accepted: 22.8%
- - 589500/1500000
- - Rejections: 515334
- - Accepted: 19.8%
- - 591000/1500000
- - Rejections: 516521
- - Accepted: 20.9%
- - 592500/1500000
- - Rejections: 517681
- - Accepted: 22.7%
- - 594000/1500000
- - Rejections: 518824
- - Accepted: 23.8%
- - 595500/1500000
- - Rejections: 519974
- - Accepted: 23.3%
- - 597000/1500000
- - Rejections: 521138
- - Accepted: 22.4%
- - 598500/1500000
- - Rejections: 522270
- - Accepted: 24.5%
- - 600000/1500000
- - Rejections: 523420
- - Accepted: 23.3%
- - jump_size updated to 0.002256
- - 601500/1500000
- - Rejections: 524554
- - Accepted: 24.4%
- - 603000/1500000
- - Rejections: 525719
- - Accepted: 22.3%
- - 604500/1500000
- - Rejections: 526849
- - Accepted: 24.7%
- - 606000/1500000
- - Rejections: 528007
- - Accepted: 22.8%
- - 607500/1500000
- - Rejections: 529158
- - Accepted: 23.3%
- - 609000/1500000
- - Rejections: 530295
- - Accepted: 24.2%
- - 610500/1500000
- - Rejections: 531415
- - Accepted: 25.3%
- - 612000/1500000
- - Rejections: 532551
- - Accepted: 24.3%
- - 613500/1500000
- - Rejections: 533637
- - Accepted: 27.6%
- - 615000/1500000
- - Rejections: 534757
- - Accepted: 25.3%
- - jump_size updated to 0.0022364
- - 616500/1500000
- - Rejections: 535923
- - Accepted: 22.3%
- - 618000/1500000
- - Rejections: 537063
- - Accepted: 24.0%
- - 619500/1500000
- - Rejections: 538220
- - Accepted: 22.9%
- - 621000/1500000
- - Rejections: 539352
- - Accepted: 24.5%
- - 622500/1500000
- - Rejections: 540505
- - Accepted: 23.1%
- - 624000/1500000
- - Rejections: 541674
- - Accepted: 22.1%
- - 625500/1500000
- - Rejections: 542796
- - Accepted: 25.2%
- - 627000/1500000
- - Rejections: 543933
- - Accepted: 24.2%
- - 628500/1500000
- - Rejections: 545052
- - Accepted: 25.4%
- - 630000/1500000
- - Rejections: 546192
- - Accepted: 24.0%
- - jump_size updated to 0.002215
- - 631500/1500000
- - Rejections: 547332
- - Accepted: 24.0%
- - 633000/1500000
- - Rejections: 548446
- - Accepted: 25.7%
- - 634500/1500000
- - Rejections: 549561
- - Accepted: 25.7%
- - 636000/1500000
- - Rejections: 550705
- - Accepted: 23.7%
- - 637500/1500000
- - Rejections: 551838
- - Accepted: 24.5%
- - 639000/1500000
- - Rejections: 552994
- - Accepted: 22.9%
- - 640500/1500000
- - Rejections: 554122
- - Accepted: 24.8%
- - 642000/1500000
- - Rejections: 555230
- - Accepted: 26.1%
- - 643500/1500000
- - Rejections: 556379
- - Accepted: 23.4%
- - 645000/1500000
- - Rejections: 557526
- - Accepted: 23.5%
- - jump_size updated to 0.0021963
- - 646500/1500000
- - Rejections: 558631
- - Accepted: 26.3%
- - 648000/1500000
- - Rejections: 559735
- - Accepted: 26.4%
- - 649500/1500000
- - Rejections: 560856
- - Accepted: 25.3%
- - 651000/1500000
- - Rejections: 561985
- - Accepted: 24.7%
- - 652500/1500000
- - Rejections: 563108
- - Accepted: 25.1%
- - 654000/1500000
- - Rejections: 564240
- - Accepted: 24.5%
- - 655500/1500000
- - Rejections: 565341
- - Accepted: 26.6%
- - 657000/1500000
- - Rejections: 566464
- - Accepted: 25.1%
- - 658500/1500000
- - Rejections: 567596
- - Accepted: 24.5%
- - 660000/1500000
- - Rejections: 568716
- - Accepted: 25.3%
- - jump_size updated to 0.0021811
- - 661500/1500000
- - Rejections: 569822
- - Accepted: 26.3%
- - 663000/1500000
- - Rejections: 570949
- - Accepted: 24.9%
- - 664500/1500000
- - Rejections: 572075
- - Accepted: 24.9%
- - 666000/1500000
- - Rejections: 573195
- - Accepted: 25.3%
- - 667500/1500000
- - Rejections: 574307
- - Accepted: 25.9%
- - 669000/1500000
- - Rejections: 575437
- - Accepted: 24.7%
- - 670500/1500000
- - Rejections: 576573
- - Accepted: 24.3%
- - 672000/1500000
- - Rejections: 577711
- - Accepted: 24.1%
- - 673500/1500000
- - Rejections: 578827
- - Accepted: 25.6%
- - 675000/1500000
- - Rejections: 579942
- - Accepted: 25.7%
- - jump_size updated to 0.0021655
- - 676500/1500000
- - Rejections: 581048
- - Accepted: 26.3%
- - 678000/1500000
- - Rejections: 582168
- - Accepted: 25.3%
- - 679500/1500000
- - Rejections: 583281
- - Accepted: 25.8%
- - 681000/1500000
- - Rejections: 584426
- - Accepted: 23.7%
- - 682500/1500000
- - Rejections: 585548
- - Accepted: 25.2%
- - 684000/1500000
- - Rejections: 586662
- - Accepted: 25.7%
- - 685500/1500000
- - Rejections: 587779
- - Accepted: 25.5%
- - 687000/1500000
- - Rejections: 588877
- - Accepted: 26.8%
- - 688500/1500000
- - Rejections: 589982
- - Accepted: 26.3%
- - 690000/1500000
- - Rejections: 591089
- - Accepted: 26.2%
- - jump_size updated to 0.0021517
- - 691500/1500000
- - Rejections: 592222
- - Accepted: 24.5%
- - 693000/1500000
- - Rejections: 593337
- - Accepted: 25.7%
- - 694500/1500000
- - Rejections: 594472
- - Accepted: 24.3%
- - 696000/1500000
- - Rejections: 595584
- - Accepted: 25.9%
- - 697500/1500000
- - Rejections: 596687
- - Accepted: 26.5%
- - 699000/1500000
- - Rejections: 597782
- - Accepted: 27.0%
- - 700500/1500000
- - Rejections: 598936
- - Accepted: 23.1%
- - 702000/1500000
- - Rejections: 600042
- - Accepted: 26.3%
- - 703500/1500000
- - Rejections: 601136
- - Accepted: 27.1%
- - 705000/1500000
- - Rejections: 602242
- - Accepted: 26.3%
- - jump_size updated to 0.0021381
- - 706500/1500000
- - Rejections: 603324
- - Accepted: 27.9%
- - 708000/1500000
- - Rejections: 604414
- - Accepted: 27.3%
- - 709500/1500000
- - Rejections: 605539
- - Accepted: 25.0%
- - 711000/1500000
- - Rejections: 606646
- - Accepted: 26.2%
- - 712500/1500000
- - Rejections: 607756
- - Accepted: 26.0%
- - 714000/1500000
- - Rejections: 608879
- - Accepted: 25.1%
- - 715500/1500000
- - Rejections: 609957
- - Accepted: 28.1%
- - 717000/1500000
- - Rejections: 611092
- - Accepted: 24.3%
- - 718500/1500000
- - Rejections: 612238
- - Accepted: 23.6%
- - 720000/1500000
- - Rejections: 613370
- - Accepted: 24.5%
- - jump_size updated to 0.0021252
- - 721500/1500000
- - Rejections: 614446
- - Accepted: 28.3%
- - 723000/1500000
- - Rejections: 615574
- - Accepted: 24.8%
- - 724500/1500000
- - Rejections: 616679
- - Accepted: 26.3%
- - 726000/1500000
- - Rejections: 617794
- - Accepted: 25.7%
- - 727500/1500000
- - Rejections: 618882
- - Accepted: 27.5%
- - 729000/1500000
- - Rejections: 619999
- - Accepted: 25.5%
- - 730500/1500000
- - Rejections: 621089
- - Accepted: 27.3%
- - 732000/1500000
- - Rejections: 622207
- - Accepted: 25.5%
- - 733500/1500000
- - Rejections: 623278
- - Accepted: 28.6%
- - 735000/1500000
- - Rejections: 624413
- - Accepted: 24.3%
- - jump_size updated to 0.0021143
- - 736500/1500000
- - Rejections: 625500
- - Accepted: 27.5%
- - 738000/1500000
- - Rejections: 626627
- - Accepted: 24.9%
- - 739500/1500000
- - Rejections: 627743
- - Accepted: 25.6%
- - 741000/1500000
- - Rejections: 628836
- - Accepted: 27.1%
- - 742500/1500000
- - Rejections: 629953
- - Accepted: 25.5%
- - 744000/1500000
- - Rejections: 631008
- - Accepted: 29.7%
- - 745500/1500000
- - Rejections: 632135
- - Accepted: 24.9%
- - 747000/1500000
- - Rejections: 633226
- - Accepted: 27.3%
- - 748500/1500000
- - Rejections: 634326
- - Accepted: 26.7%
- - 750000/1500000
- - Rejections: 635452
- - Accepted: 24.9%
- - jump_size updated to 0.0021036
- - 751500/1500000
- - Rejections: 636590
- - Accepted: 24.1%
- - 753000/1500000
- - Rejections: 637709
- - Accepted: 25.4%
- - 754500/1500000
- - Rejections: 638841
- - Accepted: 24.5%
- - 756000/1500000
- - Rejections: 639958
- - Accepted: 25.5%
- - 757500/1500000
- - Rejections: 641068
- - Accepted: 26.0%
- - 759000/1500000
- - Rejections: 642144
- - Accepted: 28.3%
- - 760500/1500000
- - Rejections: 643230
- - Accepted: 27.6%
- - 762000/1500000
- - Rejections: 644353
- - Accepted: 25.1%
- - 763500/1500000
- - Rejections: 645490
- - Accepted: 24.2%
- - 765000/1500000
- - Rejections: 646582
- - Accepted: 27.2%
- - jump_size updated to 0.0020912
- - 766500/1500000
- - Rejections: 647760
- - Accepted: 21.5%
- - 768000/1500000
- - Rejections: 648884
- - Accepted: 25.1%
- - 769500/1500000
- - Rejections: 650019
- - Accepted: 24.3%
- - 771000/1500000
- - Rejections: 651140
- - Accepted: 25.3%
- - 772500/1500000
- - Rejections: 652211
- - Accepted: 28.6%
- - 774000/1500000
- - Rejections: 653312
- - Accepted: 26.6%
- - 775500/1500000
- - Rejections: 654397
- - Accepted: 27.7%
- - 777000/1500000
- - Rejections: 655484
- - Accepted: 27.5%
- - 778500/1500000
- - Rejections: 656582
- - Accepted: 26.8%
- - 780000/1500000
- - Rejections: 657671
- - Accepted: 27.4%
- - jump_size updated to 0.0020799
- - 781500/1500000
- - Rejections: 658786
- - Accepted: 25.7%
- - 783000/1500000
- - Rejections: 659896
- - Accepted: 26.0%
- - 784500/1500000
- - Rejections: 661001
- - Accepted: 26.3%
- - 786000/1500000
- - Rejections: 662146
- - Accepted: 23.7%
- - 787500/1500000
- - Rejections: 663234
- - Accepted: 27.5%
- - 789000/1500000
- - Rejections: 664332
- - Accepted: 26.8%
- - 790500/1500000
- - Rejections: 665447
- - Accepted: 25.7%
- - 792000/1500000
- - Rejections: 666571
- - Accepted: 25.1%
- - 793500/1500000
- - Rejections: 667661
- - Accepted: 27.3%
- - 795000/1500000
- - Rejections: 668758
- - Accepted: 26.9%
- - jump_size updated to 0.0020687
- - 796500/1500000
- - Rejections: 669866
- - Accepted: 26.1%
- - 798000/1500000
- - Rejections: 670977
- - Accepted: 25.9%
- - 799500/1500000
- - Rejections: 672079
- - Accepted: 26.5%
- - 801000/1500000
- - Rejections: 673207
- - Accepted: 24.8%
- - 802500/1500000
- - Rejections: 674290
- - Accepted: 27.8%
- - 804000/1500000
- - Rejections: 675413
- - Accepted: 25.1%
- - 805500/1500000
- - Rejections: 676519
- - Accepted: 26.3%
- - 807000/1500000
- - Rejections: 677622
- - Accepted: 26.5%
- - 808500/1500000
- - Rejections: 678704
- - Accepted: 27.9%
- - 810000/1500000
- - Rejections: 679809
- - Accepted: 26.3%
- - jump_size updated to 0.0020584
- - 811500/1500000
- - Rejections: 680928
- - Accepted: 25.4%
- - 813000/1500000
- - Rejections: 682030
- - Accepted: 26.5%
- - 814500/1500000
- - Rejections: 683102
- - Accepted: 28.5%
- - 816000/1500000
- - Rejections: 684177
- - Accepted: 28.3%
- - 817500/1500000
- - Rejections: 685277
- - Accepted: 26.7%
- - 819000/1500000
- - Rejections: 686362
- - Accepted: 27.7%
- - 820500/1500000
- - Rejections: 687450
- - Accepted: 27.5%
- - 822000/1500000
- - Rejections: 688537
- - Accepted: 27.5%
- - 823500/1500000
- - Rejections: 689613
- - Accepted: 28.3%
- - 825000/1500000
- - Rejections: 690701
- - Accepted: 27.5%
- - jump_size updated to 0.0020512
- - 826500/1500000
- - Rejections: 691794
- - Accepted: 27.1%
- - 828000/1500000
- - Rejections: 692885
- - Accepted: 27.3%
- - 829500/1500000
- - Rejections: 693988
- - Accepted: 26.5%
- - 831000/1500000
- - Rejections: 695060
- - Accepted: 28.5%
- - 832500/1500000
- - Rejections: 696147
- - Accepted: 27.5%
- - 834000/1500000
- - Rejections: 697222
- - Accepted: 28.3%
- - 835500/1500000
- - Rejections: 698317
- - Accepted: 27.0%
- - 837000/1500000
- - Rejections: 699376
- - Accepted: 29.4%
- - 838500/1500000
- - Rejections: 700411
- - Accepted: 31.0%
- - 840000/1500000
- - Rejections: 701502
- - Accepted: 27.3%
- - jump_size updated to 0.0020457
- - 841500/1500000
- - Rejections: 702602
- - Accepted: 26.7%
- - 843000/1500000
- - Rejections: 703691
- - Accepted: 27.4%
- - 844500/1500000
- - Rejections: 704778
- - Accepted: 27.5%
- - 846000/1500000
- - Rejections: 705868
- - Accepted: 27.3%
- - 847500/1500000
- - Rejections: 706967
- - Accepted: 26.7%
- - 849000/1500000
- - Rejections: 708073
- - Accepted: 26.3%
- - 850500/1500000
- - Rejections: 709155
- - Accepted: 27.9%
- - 852000/1500000
- - Rejections: 710224
- - Accepted: 28.7%
- - 853500/1500000
- - Rejections: 711301
- - Accepted: 28.2%
- - 855000/1500000
- - Rejections: 712386
- - Accepted: 27.7%
- - jump_size updated to 0.0020387
- - 856500/1500000
- - Rejections: 713486
- - Accepted: 26.7%
- - 858000/1500000
- - Rejections: 714593
- - Accepted: 26.2%
- - 859500/1500000
- - Rejections: 715654
- - Accepted: 29.3%
- - 861000/1500000
- - Rejections: 716741
- - Accepted: 27.5%
- - 862500/1500000
- - Rejections: 717776
- - Accepted: 31.0%
- - 864000/1500000
- - Rejections: 718858
- - Accepted: 27.9%
- - 865500/1500000
- - Rejections: 719923
- - Accepted: 29.0%
- - 867000/1500000
- - Rejections: 720990
- - Accepted: 28.9%
- - 868500/1500000
- - Rejections: 722053
- - Accepted: 29.1%
- - 870000/1500000
- - Rejections: 723134
- - Accepted: 27.9%
- - jump_size updated to 0.0020343
- - 871500/1500000
- - Rejections: 724208
- - Accepted: 28.4%
- - 873000/1500000
- - Rejections: 725280
- - Accepted: 28.5%
- - 874500/1500000
- - Rejections: 726353
- - Accepted: 28.5%
- - 876000/1500000
- - Rejections: 727438
- - Accepted: 27.7%
- - 877500/1500000
- - Rejections: 728532
- - Accepted: 27.1%
- - 879000/1500000
- - Rejections: 729616
- - Accepted: 27.7%
- - 880500/1500000
- - Rejections: 730691
- - Accepted: 28.3%
- - 882000/1500000
- - Rejections: 731815
- - Accepted: 25.1%
- - 883500/1500000
- - Rejections: 732864
- - Accepted: 30.1%
- - 885000/1500000
- - Rejections: 733944
- - Accepted: 28.0%
- - jump_size updated to 0.0020288
- - 886500/1500000
- - Rejections: 735005
- - Accepted: 29.3%
- - 888000/1500000
- - Rejections: 736093
- - Accepted: 27.5%
- - 889500/1500000
- - Rejections: 737163
- - Accepted: 28.7%
- - 891000/1500000
- - Rejections: 738223
- - Accepted: 29.3%
- - 892500/1500000
- - Rejections: 739320
- - Accepted: 26.9%
- - 894000/1500000
- - Rejections: 740388
- - Accepted: 28.8%
- - 895500/1500000
- - Rejections: 741456
- - Accepted: 28.8%
- - 897000/1500000
- - Rejections: 742547
- - Accepted: 27.3%
- - 898500/1500000
- - Rejections: 743612
- - Accepted: 29.0%
- - 900000/1500000
- - Rejections: 744680
- - Accepted: 28.8%
- - jump_size updated to 0.0020247
- - 901500/1500000
- - Rejections: 745770
- - Accepted: 27.3%
- - 903000/1500000
- - Rejections: 746862
- - Accepted: 27.2%
- - 904500/1500000
- - Rejections: 747919
- - Accepted: 29.5%
- - 906000/1500000
- - Rejections: 748989
- - Accepted: 28.7%
- - 907500/1500000
- - Rejections: 750051
- - Accepted: 29.2%
- - 909000/1500000
- - Rejections: 751150
- - Accepted: 26.7%
- - 910500/1500000
- - Rejections: 752200
- - Accepted: 30.0%
- - 912000/1500000
- - Rejections: 753269
- - Accepted: 28.7%
- - 913500/1500000
- - Rejections: 754336
- - Accepted: 28.9%
- - 915000/1500000
- - Rejections: 755422
- - Accepted: 27.6%
- - jump_size updated to 0.0020205
- - 916500/1500000
- - Rejections: 756514
- - Accepted: 27.2%
- - 918000/1500000
- - Rejections: 757586
- - Accepted: 28.5%
- - 919500/1500000
- - Rejections: 758631
- - Accepted: 30.3%
- - 921000/1500000
- - Rejections: 759698
- - Accepted: 28.9%
- - 922500/1500000
- - Rejections: 760772
- - Accepted: 28.4%
- - 924000/1500000
- - Rejections: 761846
- - Accepted: 28.4%
- - 925500/1500000
- - Rejections: 762949
- - Accepted: 26.5%
- - 927000/1500000
- - Rejections: 764062
- - Accepted: 25.8%
- - 928500/1500000
- - Rejections: 765129
- - Accepted: 28.9%
- - 930000/1500000
- - Rejections: 766243
- - Accepted: 25.7%
- - jump_size updated to 0.002015
- - 931500/1500000
- - Rejections: 767297
- - Accepted: 29.7%
- - 933000/1500000
- - Rejections: 768358
- - Accepted: 29.3%
- - 934500/1500000
- - Rejections: 769419
- - Accepted: 29.3%
- - 936000/1500000
- - Rejections: 770473
- - Accepted: 29.7%
- - 937500/1500000
- - Rejections: 771534
- - Accepted: 29.3%
- - 939000/1500000
- - Rejections: 772579
- - Accepted: 30.3%
- - 940500/1500000
- - Rejections: 773673
- - Accepted: 27.1%
- - 942000/1500000
- - Rejections: 774749
- - Accepted: 28.3%
- - 943500/1500000
- - Rejections: 775843
- - Accepted: 27.1%
- - 945000/1500000
- - Rejections: 776910
- - Accepted: 28.9%
- - jump_size updated to 0.0020122
- - 946500/1500000
- - Rejections: 777989
- - Accepted: 28.1%
- - 948000/1500000
- - Rejections: 779080
- - Accepted: 27.3%
- - 949500/1500000
- - Rejections: 780105
- - Accepted: 31.7%
- - 951000/1500000
- - Rejections: 781195
- - Accepted: 27.3%
- - 952500/1500000
- - Rejections: 782279
- - Accepted: 27.7%
- - 954000/1500000
- - Rejections: 783362
- - Accepted: 27.8%
- - 955500/1500000
- - Rejections: 784437
- - Accepted: 28.3%
- - 957000/1500000
- - Rejections: 785511
- - Accepted: 28.4%
- - 958500/1500000
- - Rejections: 786562
- - Accepted: 29.9%
- - 960000/1500000
- - Rejections: 787639
- - Accepted: 28.2%
- - jump_size updated to 0.0020084
- - 961500/1500000
- - Rejections: 788731
- - Accepted: 27.2%
- - 963000/1500000
- - Rejections: 789816
- - Accepted: 27.7%
- - 964500/1500000
- - Rejections: 790900
- - Accepted: 27.7%
- - 966000/1500000
- - Rejections: 791960
- - Accepted: 29.3%
- - 967500/1500000
- - Rejections: 793067
- - Accepted: 26.2%
- - 969000/1500000
- - Rejections: 794150
- - Accepted: 27.8%
- - 970500/1500000
- - Rejections: 795219
- - Accepted: 28.7%
- - 972000/1500000
- - Rejections: 796299
- - Accepted: 28.0%
- - 973500/1500000
- - Rejections: 797353
- - Accepted: 29.7%
- - 975000/1500000
- - Rejections: 798416
- - Accepted: 29.1%
- - jump_size updated to 0.0020038
- - 976500/1500000
- - Rejections: 799483
- - Accepted: 28.9%
- - 978000/1500000
- - Rejections: 800548
- - Accepted: 29.0%
- - 979500/1500000
- - Rejections: 801597
- - Accepted: 30.1%
- - 981000/1500000
- - Rejections: 802658
- - Accepted: 29.3%
- - 982500/1500000
- - Rejections: 803716
- - Accepted: 29.5%
- - 984000/1500000
- - Rejections: 804768
- - Accepted: 29.9%
- - 985500/1500000
- - Rejections: 805860
- - Accepted: 27.2%
- - 987000/1500000
- - Rejections: 806962
- - Accepted: 26.5%
- - 988500/1500000
- - Rejections: 808022
- - Accepted: 29.3%
- - 990000/1500000
- - Rejections: 809091
- - Accepted: 28.7%
- - jump_size updated to 0.0020009
- - 991500/1500000
- - Rejections: 810174
- - Accepted: 27.8%
- - 993000/1500000
- - Rejections: 811236
- - Accepted: 29.2%
- - 994500/1500000
- - Rejections: 812316
- - Accepted: 28.0%
- - 996000/1500000
- - Rejections: 813343
- - Accepted: 31.5%
- - 997500/1500000
- - Rejections: 814384
- - Accepted: 30.6%
- - 999000/1500000
- - Rejections: 815442
- - Accepted: 29.5%
- - 1000500/1500000
- - Rejections: 816495
- - Accepted: 29.8%
- - 1002000/1500000
- - Rejections: 817568
- - Accepted: 28.5%
- - 1003500/1500000
- - Rejections: 818648
- - Accepted: 28.0%
- - 1005000/1500000
- - Rejections: 819731
- - Accepted: 27.8%
- - jump_size updated to 0.0019986
- - 1006500/1500000
- - Rejections: 820831
- - Accepted: 26.7%
- - 1008000/1500000
- - Rejections: 821892
- - Accepted: 29.3%
- - 1009500/1500000
- - Rejections: 822962
- - Accepted: 28.7%
- - 1011000/1500000
- - Rejections: 824036
- - Accepted: 28.4%
- - 1012500/1500000
- - Rejections: 825112
- - Accepted: 28.3%
- - 1014000/1500000
- - Rejections: 826174
- - Accepted: 29.2%
- - 1015500/1500000
- - Rejections: 827260
- - Accepted: 27.6%
- - 1017000/1500000
- - Rejections: 828335
- - Accepted: 28.3%
- - 1018500/1500000
- - Rejections: 829446
- - Accepted: 25.9%
- - 1020000/1500000
- - Rejections: 830493
- - Accepted: 30.2%
- - jump_size updated to 0.0019944
- - 1021500/1500000
- - Rejections: 831521
- - Accepted: 31.5%
- - 1023000/1500000
- - Rejections: 832618
- - Accepted: 26.9%
- - 1024500/1500000
- - Rejections: 833672
- - Accepted: 29.7%
- - 1026000/1500000
- - Rejections: 834755
- - Accepted: 27.8%
- - 1027500/1500000
- - Rejections: 835857
- - Accepted: 26.5%
- - 1029000/1500000
- - Rejections: 836914
- - Accepted: 29.5%
- - 1030500/1500000
- - Rejections: 837994
- - Accepted: 28.0%
- - 1032000/1500000
- - Rejections: 839065
- - Accepted: 28.6%
- - 1033500/1500000
- - Rejections: 840158
- - Accepted: 27.1%
- - 1035000/1500000
- - Rejections: 841232
- - Accepted: 28.4%
- - jump_size updated to 0.0019906
- - 1036500/1500000
- - Rejections: 842308
- - Accepted: 28.3%
- - 1038000/1500000
- - Rejections: 843371
- - Accepted: 29.1%
- - 1039500/1500000
- - Rejections: 844457
- - Accepted: 27.6%
- - 1041000/1500000
- - Rejections: 845536
- - Accepted: 28.1%
- - 1042500/1500000
- - Rejections: 846595
- - Accepted: 29.4%
- - 1044000/1500000
- - Rejections: 847668
- - Accepted: 28.5%
- - 1045500/1500000
- - Rejections: 848744
- - Accepted: 28.3%
- - 1047000/1500000
- - Rejections: 849821
- - Accepted: 28.2%
- - 1048500/1500000
- - Rejections: 850900
- - Accepted: 28.1%
- - 1050000/1500000
- - Rejections: 851964
- - Accepted: 29.1%
- - jump_size updated to 0.0019869
- - 1051500/1500000
- - Rejections: 853056
- - Accepted: 27.2%
- - 1053000/1500000
- - Rejections: 854110
- - Accepted: 29.7%
- - 1054500/1500000
- - Rejections: 855173
- - Accepted: 29.1%
- - 1056000/1500000
- - Rejections: 856230
- - Accepted: 29.5%
- - 1057500/1500000
- - Rejections: 857295
- - Accepted: 29.0%
- - 1059000/1500000
- - Rejections: 858368
- - Accepted: 28.5%
- - 1060500/1500000
- - Rejections: 859427
- - Accepted: 29.4%
- - 1062000/1500000
- - Rejections: 860467
- - Accepted: 30.7%
- - 1063500/1500000
- - Rejections: 861530
- - Accepted: 29.1%
- - 1065000/1500000
- - Rejections: 862571
- - Accepted: 30.6%
- - jump_size updated to 0.0019852
- - 1066500/1500000
- - Rejections: 863682
- - Accepted: 25.9%
- - 1068000/1500000
- - Rejections: 864737
- - Accepted: 29.7%
- - 1069500/1500000
- - Rejections: 865771
- - Accepted: 31.1%
- - 1071000/1500000
- - Rejections: 866782
- - Accepted: 32.6%
- - 1072500/1500000
- - Rejections: 867847
- - Accepted: 29.0%
- - 1074000/1500000
- - Rejections: 868917
- - Accepted: 28.7%
- - 1075500/1500000
- - Rejections: 869998
- - Accepted: 27.9%
- - 1077000/1500000
- - Rejections: 871070
- - Accepted: 28.5%
- - 1078500/1500000
- - Rejections: 872132
- - Accepted: 29.2%
- - 1080000/1500000
- - Rejections: 873199
- - Accepted: 28.9%
- - jump_size updated to 0.0019833
- - 1081500/1500000
- - Rejections: 874289
- - Accepted: 27.3%
- - 1083000/1500000
- - Rejections: 875338
- - Accepted: 30.1%
- - 1084500/1500000
- - Rejections: 876416
- - Accepted: 28.1%
- - 1086000/1500000
- - Rejections: 877465
- - Accepted: 30.1%
- - 1087500/1500000
- - Rejections: 878532
- - Accepted: 28.9%
- - 1089000/1500000
- - Rejections: 879622
- - Accepted: 27.3%
- - 1090500/1500000
- - Rejections: 880694
- - Accepted: 28.5%
- - 1092000/1500000
- - Rejections: 881751
- - Accepted: 29.5%
- - 1093500/1500000
- - Rejections: 882835
- - Accepted: 27.7%
- - 1095000/1500000
- - Rejections: 883903
- - Accepted: 28.8%
- - jump_size updated to 0.0019801
- - 1096500/1500000
- - Rejections: 884983
- - Accepted: 28.0%
- - 1098000/1500000
- - Rejections: 886068
- - Accepted: 27.7%
- - 1099500/1500000
- - Rejections: 887148
- - Accepted: 28.0%
- - 1101000/1500000
- - Rejections: 888226
- - Accepted: 28.1%
- - 1102500/1500000
- - Rejections: 889265
- - Accepted: 30.7%
- - 1104000/1500000
- - Rejections: 890324
- - Accepted: 29.4%
- - 1105500/1500000
- - Rejections: 891390
- - Accepted: 28.9%
- - 1107000/1500000
- - Rejections: 892488
- - Accepted: 26.8%
- - 1108500/1500000
- - Rejections: 893535
- - Accepted: 30.2%
- - 1110000/1500000
- - Rejections: 894581
- - Accepted: 30.3%
- - jump_size updated to 0.0019774
- - 1111500/1500000
- - Rejections: 895607
- - Accepted: 31.6%
- - 1113000/1500000
- - Rejections: 896697
- - Accepted: 27.3%
- - 1114500/1500000
- - Rejections: 897752
- - Accepted: 29.7%
- - 1116000/1500000
- - Rejections: 898823
- - Accepted: 28.6%
- - 1117500/1500000
- - Rejections: 899899
- - Accepted: 28.3%
- - 1119000/1500000
- - Rejections: 900988
- - Accepted: 27.4%
- - 1120500/1500000
- - Rejections: 902049
- - Accepted: 29.3%
- - 1122000/1500000
- - Rejections: 903138
- - Accepted: 27.4%
- - 1123500/1500000
- - Rejections: 904180
- - Accepted: 30.5%
- - 1125000/1500000
- - Rejections: 905233
- - Accepted: 29.8%
- - jump_size updated to 0.001975
- - 1126500/1500000
- - Rejections: 906286
- - Accepted: 29.8%
- - 1128000/1500000
- - Rejections: 907349
- - Accepted: 29.1%
- - 1129500/1500000
- - Rejections: 908399
- - Accepted: 30.0%
- - 1131000/1500000
- - Rejections: 909464
- - Accepted: 29.0%
- - 1132500/1500000
- - Rejections: 910515
- - Accepted: 29.9%
- - 1134000/1500000
- - Rejections: 911594
- - Accepted: 28.1%
- - 1135500/1500000
- - Rejections: 912646
- - Accepted: 29.9%
- - 1137000/1500000
- - Rejections: 913729
- - Accepted: 27.8%
- - 1138500/1500000
- - Rejections: 914801
- - Accepted: 28.5%
- - 1140000/1500000
- - Rejections: 915866
- - Accepted: 29.0%
- - jump_size updated to 0.001973
- - 1141500/1500000
- - Rejections: 916910
- - Accepted: 30.4%
- - 1143000/1500000
- - Rejections: 917965
- - Accepted: 29.7%
- - 1144500/1500000
- - Rejections: 919064
- - Accepted: 26.7%
- - 1146000/1500000
- - Rejections: 920103
- - Accepted: 30.7%
- - 1147500/1500000
- - Rejections: 921208
- - Accepted: 26.3%
- - 1149000/1500000
- - Rejections: 922292
- - Accepted: 27.7%
- - 1150500/1500000
- - Rejections: 923360
- - Accepted: 28.8%
- - 1152000/1500000
- - Rejections: 924441
- - Accepted: 27.9%
- - 1153500/1500000
- - Rejections: 925501
- - Accepted: 29.3%
- - 1155000/1500000
- - Rejections: 926575
- - Accepted: 28.4%
- - jump_size updated to 0.0019699
- - 1156500/1500000
- - Rejections: 927650
- - Accepted: 28.3%
- - 1158000/1500000
- - Rejections: 928755
- - Accepted: 26.3%
- - 1159500/1500000
- - Rejections: 929821
- - Accepted: 28.9%
- - 1161000/1500000
- - Rejections: 930915
- - Accepted: 27.1%
- - 1162500/1500000
- - Rejections: 932006
- - Accepted: 27.3%
- - 1164000/1500000
- - Rejections: 933072
- - Accepted: 28.9%
- - 1165500/1500000
- - Rejections: 934112
- - Accepted: 30.7%
- - 1167000/1500000
- - Rejections: 935142
- - Accepted: 31.3%
- - 1168500/1500000
- - Rejections: 936184
- - Accepted: 30.5%
- - 1170000/1500000
- - Rejections: 937255
- - Accepted: 28.6%
- - jump_size updated to 0.0019672
- - 1171500/1500000
- - Rejections: 938316
- - Accepted: 29.3%
- - 1173000/1500000
- - Rejections: 939361
- - Accepted: 30.3%
- - 1174500/1500000
- - Rejections: 940437
- - Accepted: 28.3%
- - 1176000/1500000
- - Rejections: 941492
- - Accepted: 29.7%
- - 1177500/1500000
- - Rejections: 942541
- - Accepted: 30.1%
- - 1179000/1500000
- - Rejections: 943600
- - Accepted: 29.4%
- - 1180500/1500000
- - Rejections: 944602
- - Accepted: 33.2%
- - 1182000/1500000
- - Rejections: 945662
- - Accepted: 29.3%
- - 1183500/1500000
- - Rejections: 946744
- - Accepted: 27.9%
- - 1185000/1500000
- - Rejections: 947826
- - Accepted: 27.9%
- - jump_size updated to 0.0019662
- - 1186500/1500000
- - Rejections: 948891
- - Accepted: 29.0%
- - 1188000/1500000
- - Rejections: 949962
- - Accepted: 28.6%
- - 1189500/1500000
- - Rejections: 951032
- - Accepted: 28.7%
- - 1191000/1500000
- - Rejections: 952065
- - Accepted: 31.1%
- - 1192500/1500000
- - Rejections: 953140
- - Accepted: 28.3%
- - 1194000/1500000
- - Rejections: 954187
- - Accepted: 30.2%
- - 1195500/1500000
- - Rejections: 955228
- - Accepted: 30.6%
- - 1197000/1500000
- - Rejections: 956305
- - Accepted: 28.2%
- - 1198500/1500000
- - Rejections: 957406
- - Accepted: 26.6%
- - 1200000/1500000
- - Rejections: 958477
- - Accepted: 28.6%
- - jump_size updated to 0.001964
- - 1201500/1500000
- - Rejections: 959533
- - Accepted: 29.6%
- - 1203000/1500000
- - Rejections: 960648
- - Accepted: 25.7%
- - 1204500/1500000
- - Rejections: 961680
- - Accepted: 31.2%
- - 1206000/1500000
- - Rejections: 962746
- - Accepted: 28.9%
- - 1207500/1500000
- - Rejections: 963838
- - Accepted: 27.2%
- - 1209000/1500000
- - Rejections: 964933
- - Accepted: 27.0%
- - 1210500/1500000
- - Rejections: 965956
- - Accepted: 31.8%
- - 1212000/1500000
- - Rejections: 967016
- - Accepted: 29.3%
- - 1213500/1500000
- - Rejections: 968063
- - Accepted: 30.2%
- - 1215000/1500000
- - Rejections: 969125
- - Accepted: 29.2%
- - jump_size updated to 0.0019618
- - 1216500/1500000
- - Rejections: 970175
- - Accepted: 30.0%
- - 1218000/1500000
- - Rejections: 971187
- - Accepted: 32.5%
- - 1219500/1500000
- - Rejections: 972288
- - Accepted: 26.6%
- - 1221000/1500000
- - Rejections: 973342
- - Accepted: 29.7%
- - 1222500/1500000
- - Rejections: 974391
- - Accepted: 30.1%
- - 1224000/1500000
- - Rejections: 975428
- - Accepted: 30.9%
- - 1225500/1500000
- - Rejections: 976506
- - Accepted: 28.1%
- - 1227000/1500000
- - Rejections: 977552
- - Accepted: 30.3%
- - 1228500/1500000
- - Rejections: 978658
- - Accepted: 26.3%
- - 1230000/1500000
- - Rejections: 979709
- - Accepted: 29.9%
- - jump_size updated to 0.0019606
- - 1231500/1500000
- - Rejections: 980763
- - Accepted: 29.7%
- - 1233000/1500000
- - Rejections: 981832
- - Accepted: 28.7%
- - 1234500/1500000
- - Rejections: 982901
- - Accepted: 28.7%
- - 1236000/1500000
- - Rejections: 983940
- - Accepted: 30.7%
- - 1237500/1500000
- - Rejections: 984989
- - Accepted: 30.1%
- - 1239000/1500000
- - Rejections: 986029
- - Accepted: 30.7%
- - 1240500/1500000
- - Rejections: 987110
- - Accepted: 27.9%
- - 1242000/1500000
- - Rejections: 988181
- - Accepted: 28.6%
- - 1243500/1500000
- - Rejections: 989297
- - Accepted: 25.6%
- - 1245000/1500000
- - Rejections: 990305
- - Accepted: 32.8%
- - jump_size updated to 0.0019592
- - 1246500/1500000
- - Rejections: 991342
- - Accepted: 30.9%
- - 1248000/1500000
- - Rejections: 992383
- - Accepted: 30.6%
- - 1249500/1500000
- - Rejections: 993409
- - Accepted: 31.6%
- - 1251000/1500000
- - Rejections: 994437
- - Accepted: 31.5%
- - 1252500/1500000
- - Rejections: 995479
- - Accepted: 30.5%
- - 1254000/1500000
- - Rejections: 996516
- - Accepted: 30.9%
- - 1255500/1500000
- - Rejections: 997561
- - Accepted: 30.3%
- - 1257000/1500000
- - Rejections: 998612
- - Accepted: 29.9%
- - 1258500/1500000
- - Rejections: 999658
- - Accepted: 30.3%
- - 1260000/1500000
- - Rejections: 1000729
- - Accepted: 28.6%
- - jump_size updated to 0.0019603
- - 1261500/1500000
- - Rejections: 1001817
- - Accepted: 27.5%
- - 1263000/1500000
- - Rejections: 1002845
- - Accepted: 31.5%
- - 1264500/1500000
- - Rejections: 1003929
- - Accepted: 27.7%
